# JRE version: OpenJDK Runtime Environment (8.0_202-b03) (build 1.8.0_202-release-1483-b03)
# Java VM: OpenJDK 64-Bit Server VM (25.202-b03 mixed mode windows-amd64 compressed oops)
Heap:
 PSYoungGen      total 417792K, used 41666K [0x00000000e0000000, 0x0000000100000000, 0x0000000100000000)
  eden space 321536K, 12% used [0x00000000e0000000,0x00000000e2848888,0x00000000f3a00000)
  from space 96256K, 0% used [0x00000000f3a00000,0x00000000f3a68000,0x00000000f9800000)
  to   space 98304K, 0% used [0x00000000fa000000,0x00000000fa000000,0x0000000100000000)
 ParOldGen       total 597504K, used 486647K [0x00000000a0000000, 0x00000000c4780000, 0x00000000e0000000)
  object space 597504K, 81% used [0x00000000a0000000,0x00000000bdb3de18,0x00000000c4780000)
 Metaspace       used 142320K, capacity 152788K, committed 153560K, reserved 1183744K
  class space    used 18041K, capacity 20053K, committed 20224K, reserved 1048576K
GC Heap History (10 events):
Event: 13432.567 GC heap before
{Heap before GC invocations=118 (full 11):
 PSYoungGen      total 396800K, used 389014K [0x00000000e0000000, 0x0000000100000000, 0x0000000100000000)
  eden space 295936K, 99% used [0x00000000e0000000,0x00000000f20e7390,0x00000000f2100000)
  from space 100864K, 92% used [0x00000000f9480000,0x00000000fef7e748,0x00000000ff700000)
  to   space 114176K, 0% used [0x00000000f2100000,0x00000000f2100000,0x00000000f9080000)
 ParOldGen       total 597504K, used 397296K [0x00000000a0000000, 0x00000000c4780000, 0x00000000e0000000)
  object space 597504K, 66% used [0x00000000a0000000,0x00000000b83fc1e0,0x00000000c4780000)
 Metaspace       used 142185K, capacity 152622K, committed 153560K, reserved 1183744K
  class space    used 18038K, capacity 20048K, committed 20224K, reserved 1048576K
Event: 13432.689 GC heap after
Heap after GC invocations=118 (full 11):
 PSYoungGen      total 410112K, used 44293K [0x00000000e0000000, 0x0000000100000000, 0x0000000100000000)
  eden space 295936K, 0% used [0x00000000e0000000,0x00000000e0000000,0x00000000f2100000)
  from space 114176K, 38% used [0x00000000f2100000,0x00000000f4c41650,0x00000000f9080000)
  to   space 107520K, 0% used [0x00000000f9700000,0x00000000f9700000,0x0000000100000000)
 ParOldGen       total 597504K, used 398199K [0x00000000a0000000, 0x00000000c4780000, 0x00000000e0000000)
  object space 597504K, 66% used [0x00000000a0000000,0x00000000b84dddd0,0x00000000c4780000)
 Metaspace       used 142185K, capacity 152622K, committed 153560K, reserved 1183744K
  class space    used 18038K, capacity 20048K, committed 20224K, reserved 1048576K
}
Event: 13486.647 GC heap before
{Heap before GC invocations=119 (full 11):
 PSYoungGen      total 410112K, used 333605K [0x00000000e0000000, 0x0000000100000000, 0x0000000100000000)
  eden space 295936K, 97% used [0x00000000e0000000,0x00000000f1a87fe0,0x00000000f2100000)
  from space 114176K, 38% used [0x00000000f2100000,0x00000000f4c41650,0x00000000f9080000)
  to   space 107520K, 0% used [0x00000000f9700000,0x00000000f9700000,0x0000000100000000)
 ParOldGen       total 597504K, used 398199K [0x00000000a0000000, 0x00000000c4780000, 0x00000000e0000000)
  object space 597504K, 66% used [0x00000000a0000000,0x00000000b84dddd0,0x00000000c4780000)
 Metaspace       used 142194K, capacity 152622K, committed 153560K, reserved 1183744K
  class space    used 18038K, capacity 20048K, committed 20224K, reserved 1048576K
Event: 13486.946 GC heap after
Heap after GC invocations=119 (full 11):
 PSYoungGen      total 395264K, used 35654K [0x00000000e0000000, 0x00000000ff180000, 0x0000000100000000)
  eden space 302592K, 0% used [0x00000000e0000000,0x00000000e0000000,0x00000000f2780000)
  from space 92672K, 38% used [0x00000000f9700000,0x00000000fb9d1bb0,0x00000000ff180000)
  to   space 103424K, 0% used [0x00000000f2780000,0x00000000f2780000,0x00000000f8c80000)
 ParOldGen       total 597504K, used 438786K [0x00000000a0000000, 0x00000000c4780000, 0x00000000e0000000)
  object space 597504K, 73% used [0x00000000a0000000,0x00000000bac80bc0,0x00000000c4780000)
 Metaspace       used 142194K, capacity 152622K, committed 153560K, reserved 1183744K
  class space    used 18038K, capacity 20048K, committed 20224K, reserved 1048576K
}
Event: 13583.198 GC heap before
{Heap before GC invocations=120 (full 11):
 PSYoungGen      total 395264K, used 338246K [0x00000000e0000000, 0x00000000ff180000, 0x0000000100000000)
  eden space 302592K, 100% used [0x00000000e0000000,0x00000000f2780000,0x00000000f2780000)
  from space 92672K, 38% used [0x00000000f9700000,0x00000000fb9d1bb0,0x00000000ff180000)
  to   space 103424K, 0% used [0x00000000f2780000,0x00000000f2780000,0x00000000f8c80000)
 ParOldGen       total 597504K, used 438786K [0x00000000a0000000, 0x00000000c4780000, 0x00000000e0000000)
  object space 597504K, 73% used [0x00000000a0000000,0x00000000bac80bc0,0x00000000c4780000)
 Metaspace       used 142263K, capacity 152706K, committed 153560K, reserved 1183744K
  class space    used 18039K, capacity 20050K, committed 20224K, reserved 1048576K
Event: 13583.292 GC heap after
Heap after GC invocations=120 (full 11):
 PSYoungGen      total 406016K, used 35590K [0x00000000e0000000, 0x0000000100000000, 0x0000000100000000)
  eden space 302592K, 0% used [0x00000000e0000000,0x00000000e0000000,0x00000000f2780000)
  from space 103424K, 34% used [0x00000000f2780000,0x00000000f4a41a78,0x00000000f8c80000)
  to   space 99328K, 0% used [0x00000000f9f00000,0x00000000f9f00000,0x0000000100000000)
 ParOldGen       total 597504K, used 441465K [0x00000000a0000000, 0x00000000c4780000, 0x00000000e0000000)
  object space 597504K, 73% used [0x00000000a0000000,0x00000000baf1e6f0,0x00000000c4780000)
 Metaspace       used 142263K, capacity 152706K, committed 153560K, reserved 1183744K
  class space    used 18039K, capacity 20050K, committed 20224K, reserved 1048576K
}
Event: 13633.812 GC heap before
{Heap before GC invocations=121 (full 11):
 PSYoungGen      total 406016K, used 330738K [0x00000000e0000000, 0x0000000100000000, 0x0000000100000000)
  eden space 302592K, 97% used [0x00000000e0000000,0x00000000f203af60,0x00000000f2780000)
  from space 103424K, 34% used [0x00000000f2780000,0x00000000f4a41a78,0x00000000f8c80000)
  to   space 99328K, 0% used [0x00000000f9f00000,0x00000000f9f00000,0x0000000100000000)
 ParOldGen       total 597504K, used 441465K [0x00000000a0000000, 0x00000000c4780000, 0x00000000e0000000)
  object space 597504K, 73% used [0x00000000a0000000,0x00000000baf1e6f0,0x00000000c4780000)
 Metaspace       used 142284K, capacity 152770K, committed 153560K, reserved 1183744K
  class space    used 18039K, capacity 20050K, committed 20224K, reserved 1048576K
Event: 13633.955 GC heap after
Heap after GC invocations=121 (full 11):
 PSYoungGen      total 410624K, used 30038K [0x00000000e0000000, 0x00000000ff600000, 0x0000000100000000)
  eden space 321536K, 0% used [0x00000000e0000000,0x00000000e0000000,0x00000000f3a00000)
  from space 89088K, 33% used [0x00000000f9f00000,0x00000000fbc55bc0,0x00000000ff600000)
  to   space 96256K, 0% used [0x00000000f3a00000,0x00000000f3a00000,0x00000000f9800000)
 ParOldGen       total 597504K, used 475372K [0x00000000a0000000, 0x00000000c4780000, 0x00000000e0000000)
  object space 597504K, 79% used [0x00000000a0000000,0x00000000bd03b198,0x00000000c4780000)
 Metaspace       used 142284K, capacity 152770K, committed 153560K, reserved 1183744K
  class space    used 18039K, capacity 20050K, committed 20224K, reserved 1048576K
}
Event: 13638.467 GC heap before
{Heap before GC invocations=122 (full 11):
 PSYoungGen      total 410624K, used 351574K [0x00000000e0000000, 0x00000000ff600000, 0x0000000100000000)
  eden space 321536K, 100% used [0x00000000e0000000,0x00000000f3a00000,0x00000000f3a00000)
  from space 89088K, 33% used [0x00000000f9f00000,0x00000000fbc55bc0,0x00000000ff600000)
  to   space 96256K, 0% used [0x00000000f3a00000,0x00000000f3a00000,0x00000000f9800000)
 ParOldGen       total 597504K, used 475372K [0x00000000a0000000, 0x00000000c4780000, 0x00000000e0000000)
  object space 597504K, 79% used [0x00000000a0000000,0x00000000bd03b198,0x00000000c4780000)
 Metaspace       used 142293K, capacity 152776K, committed 153560K, reserved 1183744K
  class space    used 18040K, capacity 20051K, committed 20224K, reserved 1048576K
Event: 13638.491 GC heap after
Heap after GC invocations=122 (full 11):
 PSYoungGen      total 417792K, used 416K [0x00000000e0000000, 0x0000000100000000, 0x0000000100000000)
  eden space 321536K, 0% used [0x00000000e0000000,0x00000000e0000000,0x00000000f3a00000)
  from space 96256K, 0% used [0x00000000f3a00000,0x00000000f3a68000,0x00000000f9800000)
  to   space 98304K, 0% used [0x00000000fa000000,0x00000000fa000000,0x0000000100000000)
 ParOldGen       total 597504K, used 486647K [0x00000000a0000000, 0x00000000c4780000, 0x00000000e0000000)
  object space 597504K, 81% used [0x00000000a0000000,0x00000000bdb3de18,0x00000000c4780000)
 Metaspace       used 142293K, capacity 152776K, committed 153560K, reserved 1183744K
  class space    used 18040K, capacity 20051K, committed 20224K, reserved 1048576K
}

